path must be a string or Buffer
ENOENT: no such file or directory, open 'does-not-exits'
'use strict';
  
const fs = require('fs');

const displayFileContent = function(pathToFile) {
  const handleFile = function(err, contents) {
    if(err) {
      console.log(err.message);
    } else {
      console.log(contents.toString());
    }
  };

  try {
    fs.readFile(pathToFile, handleFile);    
  } catch(ex) {
    console.log(ex.message);
  }
};

displayFileContent('readfile.js');

displayFileContent('does-not-exits');

displayFileContent();
