
/Users/venkats/books/ves6/Book/code/arrow/messy-return-object-literal.js
  3:34  error  'firstName:' is defined but never used  no-unused-labels
  3:49  error  Missing semicolon                       semi

/Users/venkats/books/ves6/Book/code/arrow/no-constructor.js
  5:7  error  'car1' is assigned a value but never used  no-unused-vars

/Users/venkats/books/ves6/Book/code/arrow/no-generator.js
  12:28  error  Parsing error: Unexpected token *

/Users/venkats/books/ves6/Book/code/arrow/no-throw.js
  3:27  error  Parsing error: Unexpected token throw

/Users/venkats/books/ves6/Book/code/arrow/non-smelly-call.js
   8:3  error  'document' is not defined   no-undef
  13:3  error  'document' is not defined   no-undef
  19:1  error  'navigator' is not defined  no-undef

/Users/venkats/books/ves6/Book/code/arrow/scoping-arguments.js
   5:27  error  'message' is defined but never used  no-unused-vars
  19:27  error  'message' is defined but never used  no-unused-vars

/Users/venkats/books/ves6/Book/code/arrow/smelly-call.js
   3:1  error  'navigator' is not defined  no-undef
   8:5  error  'document' is not defined   no-undef
  12:5  error  'document' is not defined   no-undef

✖ 13 problems (13 errors, 0 warnings)
  2 errors, 0 warnings potentially fixable with the `--fix` option.

